# JRE version: OpenJDK Runtime Environment (11.0.12+7) (build 11.0.12+7-b1504.28-7817840)
# Java VM: OpenJDK 64-Bit Server VM (11.0.12+7-b1504.28-7817840, mixed mode, tiered, compressed oops, g1 gc, windows-amd64)
Heap:
 garbage-first heap   total 212992K, used 147778K [0x0000000080000000, 0x0000000100000000)
  region size 1024K, 49 young (50176K), 5 survivors (5120K)
 Metaspace       used 92341K, capacity 94678K, committed 96076K, reserved 1132544K
  class space    used 11813K, capacity 12648K, committed 13132K, reserved 1048576K
GC Heap History (20 events):
Event: 7.901 GC heap before
{Heap before GC invocations=19 (full 0):
 garbage-first heap   total 147456K, used 109629K [0x0000000080000000, 0x0000000100000000)
  region size 1024K, 51 young (52224K), 4 survivors (4096K)
 Metaspace       used 75665K, capacity 77465K, committed 77644K, reserved 1116160K
  class space    used 9821K, capacity 10446K, committed 10572K, reserved 1048576K
}
Event: 7.906 GC heap after
{Heap after GC invocations=20 (full 0):
 garbage-first heap   total 147456K, used 64352K [0x0000000080000000, 0x0000000100000000)
  region size 1024K, 7 young (7168K), 7 survivors (7168K)
 Metaspace       used 75665K, capacity 77465K, committed 77644K, reserved 1116160K
  class space    used 9821K, capacity 10446K, committed 10572K, reserved 1048576K
}
Event: 8.382 GC heap before
{Heap before GC invocations=20 (full 0):
 garbage-first heap   total 147456K, used 112480K [0x0000000080000000, 0x0000000100000000)
  region size 1024K, 54 young (55296K), 7 survivors (7168K)
 Metaspace       used 80530K, capacity 82409K, committed 82636K, reserved 1120256K
  class space    used 10454K, capacity 11115K, committed 11212K, reserved 1048576K
}
Event: 8.387 GC heap after
{Heap after GC invocations=21 (full 0):
 garbage-first heap   total 147456K, used 67591K [0x0000000080000000, 0x0000000100000000)
  region size 1024K, 7 young (7168K), 7 survivors (7168K)
 Metaspace       used 80530K, capacity 82409K, committed 82636K, reserved 1120256K
  class space    used 10454K, capacity 11115K, committed 11212K, reserved 1048576K
}
Event: 9.013 GC heap before
{Heap before GC invocations=21 (full 0):
 garbage-first heap   total 147456K, used 114695K [0x0000000080000000, 0x0000000100000000)
  region size 1024K, 54 young (55296K), 7 survivors (7168K)
 Metaspace       used 84504K, capacity 86575K, committed 86732K, reserved 1124352K
  class space    used 10915K, capacity 11662K, committed 11724K, reserved 1048576K
}
Event: 9.022 GC heap after
{Heap after GC invocations=22 (full 0):
 garbage-first heap   total 177152K, used 73840K [0x0000000080000000, 0x0000000100000000)
  region size 1024K, 7 young (7168K), 7 survivors (7168K)
 Metaspace       used 84504K, capacity 86575K, committed 86732K, reserved 1124352K
  class space    used 10915K, capacity 11662K, committed 11724K, reserved 1048576K
}
Event: 9.348 GC heap before
{Heap before GC invocations=22 (full 0):
 garbage-first heap   total 177152K, used 133232K [0x0000000080000000, 0x0000000100000000)
  region size 1024K, 66 young (67584K), 7 survivors (7168K)
 Metaspace       used 86470K, capacity 89132K, committed 89420K, reserved 1126400K
  class space    used 11303K, capacity 12281K, committed 12364K, reserved 1048576K
}
Event: 9.356 GC heap after
{Heap after GC invocations=23 (full 0):
 garbage-first heap   total 177152K, used 80433K [0x0000000080000000, 0x0000000100000000)
  region size 1024K, 9 young (9216K), 9 survivors (9216K)
 Metaspace       used 86470K, capacity 89132K, committed 89420K, reserved 1126400K
  class space    used 11303K, capacity 12281K, committed 12364K, reserved 1048576K
}
Event: 9.677 GC heap before
{Heap before GC invocations=23 (full 0):
 garbage-first heap   total 177152K, used 136753K [0x0000000080000000, 0x0000000100000000)
  region size 1024K, 65 young (66560K), 9 survivors (9216K)
 Metaspace       used 86812K, capacity 89524K, committed 89676K, reserved 1126400K
  class space    used 11311K, capacity 12291K, committed 12364K, reserved 1048576K
}
Event: 9.684 GC heap after
{Heap after GC invocations=24 (full 0):
 garbage-first heap   total 177152K, used 84934K [0x0000000080000000, 0x0000000100000000)
  region size 1024K, 6 young (6144K), 6 survivors (6144K)
 Metaspace       used 86812K, capacity 89524K, committed 89676K, reserved 1126400K
  class space    used 11311K, capacity 12291K, committed 12364K, reserved 1048576K
}
Event: 9.996 GC heap before
{Heap before GC invocations=24 (full 0):
 garbage-first heap   total 177152K, used 138182K [0x0000000080000000, 0x0000000100000000)
  region size 1024K, 59 young (60416K), 6 survivors (6144K)
 Metaspace       used 87260K, capacity 90035K, committed 90188K, reserved 1126400K
  class space    used 11351K, capacity 12340K, committed 12364K, reserved 1048576K
}
Event: 10.002 GC heap after
{Heap after GC invocations=25 (full 0):
 garbage-first heap   total 177152K, used 89310K [0x0000000080000000, 0x0000000100000000)
  region size 1024K, 6 young (6144K), 6 survivors (6144K)
 Metaspace       used 87260K, capacity 90035K, committed 90188K, reserved 1126400K
  class space    used 11351K, capacity 12340K, committed 12364K, reserved 1048576K
}
Event: 10.247 GC heap before
{Heap before GC invocations=26 (full 0):
 garbage-first heap   total 177152K, used 140510K [0x0000000080000000, 0x0000000100000000)
  region size 1024K, 57 young (58368K), 6 survivors (6144K)
 Metaspace       used 86633K, capacity 88891K, committed 90444K, reserved 1128448K
  class space    used 11099K, capacity 11865K, committed 12364K, reserved 1048576K
}
Event: 10.254 GC heap after
{Heap after GC invocations=27 (full 0):
 garbage-first heap   total 212992K, used 93844K [0x0000000080000000, 0x0000000100000000)
  region size 1024K, 6 young (6144K), 6 survivors (6144K)
 Metaspace       used 86633K, capacity 88891K, committed 90444K, reserved 1128448K
  class space    used 11099K, capacity 11865K, committed 12364K, reserved 1048576K
}
Event: 10.596 GC heap before
{Heap before GC invocations=27 (full 0):
 garbage-first heap   total 212992K, used 162452K [0x0000000080000000, 0x0000000100000000)
  region size 1024K, 74 young (75776K), 6 survivors (6144K)
 Metaspace       used 86876K, capacity 89093K, committed 90572K, reserved 1128448K
  class space    used 11129K, capacity 11909K, committed 12492K, reserved 1048576K
}
Event: 10.605 GC heap after
{Heap after GC invocations=28 (full 0):
 garbage-first heap   total 212992K, used 98307K [0x0000000080000000, 0x0000000100000000)
  region size 1024K, 7 young (7168K), 7 survivors (7168K)
 Metaspace       used 86876K, capacity 89093K, committed 90572K, reserved 1128448K
  class space    used 11129K, capacity 11909K, committed 12492K, reserved 1048576K
}
Event: 10.803 GC heap before
{Heap before GC invocations=28 (full 0):
 garbage-first heap   total 212992K, used 164867K [0x0000000080000000, 0x0000000100000000)
  region size 1024K, 73 young (74752K), 7 survivors (7168K)
 Metaspace       used 86917K, capacity 89099K, committed 90572K, reserved 1128448K
  class space    used 11131K, capacity 11910K, committed 12492K, reserved 1048576K
}
Event: 10.809 GC heap after
{Heap after GC invocations=29 (full 0):
 garbage-first heap   total 212992K, used 101726K [0x0000000080000000, 0x0000000100000000)
  region size 1024K, 6 young (6144K), 6 survivors (6144K)
 Metaspace       used 86917K, capacity 89099K, committed 90572K, reserved 1128448K
  class space    used 11131K, capacity 11910K, committed 12492K, reserved 1048576K
}
Event: 11.209 GC heap before
{Heap before GC invocations=29 (full 0):
 garbage-first heap   total 212992K, used 168286K [0x0000000080000000, 0x0000000100000000)
  region size 1024K, 72 young (73728K), 6 survivors (6144K)
 Metaspace       used 89717K, capacity 91976K, committed 93388K, reserved 1130496K
  class space    used 11506K, capacity 12290K, committed 12748K, reserved 1048576K
}
Event: 11.215 GC heap after
{Heap after GC invocations=30 (full 0):
 garbage-first heap   total 212992K, used 104770K [0x0000000080000000, 0x0000000100000000)
  region size 1024K, 5 young (5120K), 5 survivors (5120K)
 Metaspace       used 89717K, capacity 91976K, committed 93388K, reserved 1130496K
  class space    used 11506K, capacity 12290K, committed 12748K, reserved 1048576K
}

