# JRE version: Java(TM) SE Runtime Environment (8.0_111-b14) (build 1.8.0_111-b14)
# Java VM: Java HotSpot(TM) 64-Bit Server VM (25.111-b14 mixed mode windows-amd64 compressed oops)
Heap:
 PSYoungGen      total 177152K, used 71762K [0x00000000d5580000, 0x00000000e2500000, 0x0000000100000000)
  eden space 161792K, 44% used [0x00000000d5580000,0x00000000d9b94a38,0x00000000df380000)
  from space 15360K, 0% used [0x00000000e0880000,0x00000000e0880000,0x00000000e1780000)
  to   space 21504K, 0% used [0x00000000df380000,0x00000000df380000,0x00000000e0880000)
 ParOldGen       total 137728K, used 39876K [0x0000000080000000, 0x0000000088680000, 0x00000000d5580000)
  object space 137728K, 28% used [0x0000000080000000,0x00000000826f13b0,0x0000000088680000)
 Metaspace       used 58817K, capacity 61598K, committed 61952K, reserved 1101824K
  class space    used 8129K, capacity 8638K, committed 8704K, reserved 1048576K
GC Heap History (10 events):
Event: 4.318 GC heap before
{Heap before GC invocations=11 (full 2):
 PSYoungGen      total 125952K, used 10213K [0x00000000d5580000, 0x00000000df180000, 0x0000000100000000)
  eden space 115712K, 0% used [0x00000000d5580000,0x00000000d5580000,0x00000000dc680000)
  from space 10240K, 99% used [0x00000000dc680000,0x00000000dd079678,0x00000000dd080000)
  to   space 12288K, 0% used [0x00000000de580000,0x00000000de580000,0x00000000df180000)
 ParOldGen       total 55296K, used 12865K [0x0000000080000000, 0x0000000083600000, 0x00000000d5580000)
  object space 55296K, 23% used [0x0000000080000000,0x0000000080c906a8,0x0000000083600000)
 Metaspace       used 33825K, capacity 35378K, committed 35456K, reserved 1079296K
  class space    used 4821K, capacity 5187K, committed 5248K, reserved 1048576K
Event: 4.352 GC heap after
Heap after GC invocations=11 (full 2):
 PSYoungGen      total 125952K, used 0K [0x00000000d5580000, 0x00000000df180000, 0x0000000100000000)
  eden space 115712K, 0% used [0x00000000d5580000,0x00000000d5580000,0x00000000dc680000)
  from space 10240K, 0% used [0x00000000dc680000,0x00000000dc680000,0x00000000dd080000)
  to   space 12288K, 0% used [0x00000000de580000,0x00000000de580000,0x00000000df180000)
 ParOldGen       total 88576K, used 19995K [0x0000000080000000, 0x0000000085680000, 0x00000000d5580000)
  object space 88576K, 22% used [0x0000000080000000,0x0000000081386e80,0x0000000085680000)
 Metaspace       used 33775K, capacity 35216K, committed 35456K, reserved 1079296K
  class space    used 4806K, capacity 5160K, committed 5248K, reserved 1048576K
}
Event: 5.309 GC heap before
{Heap before GC invocations=12 (full 2):
 PSYoungGen      total 125952K, used 115712K [0x00000000d5580000, 0x00000000df180000, 0x0000000100000000)
  eden space 115712K, 100% used [0x00000000d5580000,0x00000000dc680000,0x00000000dc680000)
  from space 10240K, 0% used [0x00000000dc680000,0x00000000dc680000,0x00000000dd080000)
  to   space 12288K, 0% used [0x00000000de580000,0x00000000de580000,0x00000000df180000)
 ParOldGen       total 88576K, used 19995K [0x0000000080000000, 0x0000000085680000, 0x00000000d5580000)
  object space 88576K, 22% used [0x0000000080000000,0x0000000081386e80,0x0000000085680000)
 Metaspace       used 39337K, capacity 41084K, committed 41344K, reserved 1085440K
  class space    used 5551K, capacity 5912K, committed 6016K, reserved 1048576K
Event: 5.317 GC heap after
Heap after GC invocations=12 (full 2):
 PSYoungGen      total 146944K, used 9876K [0x00000000d5580000, 0x00000000dfd00000, 0x0000000100000000)
  eden space 134656K, 0% used [0x00000000d5580000,0x00000000d5580000,0x00000000dd900000)
  from space 12288K, 80% used [0x00000000de580000,0x00000000def25000,0x00000000df180000)
  to   space 12800K, 0% used [0x00000000dd900000,0x00000000dd900000,0x00000000de580000)
 ParOldGen       total 88576K, used 20003K [0x0000000080000000, 0x0000000085680000, 0x00000000d5580000)
  object space 88576K, 22% used [0x0000000080000000,0x0000000081388e80,0x0000000085680000)
 Metaspace       used 39337K, capacity 41084K, committed 41344K, reserved 1085440K
  class space    used 5551K, capacity 5912K, committed 6016K, reserved 1048576K
}
Event: 6.515 GC heap before
{Heap before GC invocations=13 (full 2):
 PSYoungGen      total 146944K, used 144532K [0x00000000d5580000, 0x00000000dfd00000, 0x0000000100000000)
  eden space 134656K, 100% used [0x00000000d5580000,0x00000000dd900000,0x00000000dd900000)
  from space 12288K, 80% used [0x00000000de580000,0x00000000def25000,0x00000000df180000)
  to   space 12800K, 0% used [0x00000000dd900000,0x00000000dd900000,0x00000000de580000)
 ParOldGen       total 88576K, used 20003K [0x0000000080000000, 0x0000000085680000, 0x00000000d5580000)
  object space 88576K, 22% used [0x0000000080000000,0x0000000081388e80,0x0000000085680000)
 Metaspace       used 43469K, capacity 46122K, committed 46336K, reserved 1089536K
  class space    used 6173K, capacity 6645K, committed 6656K, reserved 1048576K
Event: 6.525 GC heap after
Heap after GC invocations=13 (full 2):
 PSYoungGen      total 147456K, used 12768K [0x00000000d5580000, 0x00000000e1780000, 0x0000000100000000)
  eden space 134656K, 0% used [0x00000000d5580000,0x00000000d5580000,0x00000000dd900000)
  from space 12800K, 99% used [0x00000000dd900000,0x00000000de578058,0x00000000de580000)
  to   space 15360K, 0% used [0x00000000e0880000,0x00000000e0880000,0x00000000e1780000)
 ParOldGen       total 88576K, used 22399K [0x0000000080000000, 0x0000000085680000, 0x00000000d5580000)
  object space 88576K, 25% used [0x0000000080000000,0x00000000815dfc48,0x0000000085680000)
 Metaspace       used 43469K, capacity 46122K, committed 46336K, reserved 1089536K
  class space    used 6173K, capacity 6645K, committed 6656K, reserved 1048576K
}
Event: 7.874 GC heap before
{Heap before GC invocations=14 (full 2):
 PSYoungGen      total 147456K, used 141487K [0x00000000d5580000, 0x00000000e1780000, 0x0000000100000000)
  eden space 134656K, 95% used [0x00000000d5580000,0x00000000dd333fa0,0x00000000dd900000)
  from space 12800K, 99% used [0x00000000dd900000,0x00000000de578058,0x00000000de580000)
  to   space 15360K, 0% used [0x00000000e0880000,0x00000000e0880000,0x00000000e1780000)
 ParOldGen       total 88576K, used 22399K [0x0000000080000000, 0x0000000085680000, 0x00000000d5580000)
  object space 88576K, 25% used [0x0000000080000000,0x00000000815dfc48,0x0000000085680000)
 Metaspace       used 56135K, capacity 59004K, committed 59096K, reserved 1099776K
  class space    used 7760K, capacity 8284K, committed 8320K, reserved 1048576K
Event: 7.894 GC heap after
Heap after GC invocations=14 (full 2):
 PSYoungGen      total 177152K, used 15357K [0x00000000d5580000, 0x00000000e2500000, 0x0000000100000000)
  eden space 161792K, 0% used [0x00000000d5580000,0x00000000d5580000,0x00000000df380000)
  from space 15360K, 99% used [0x00000000e0880000,0x00000000e177f768,0x00000000e1780000)
  to   space 21504K, 0% used [0x00000000df380000,0x00000000df380000,0x00000000e0880000)
 ParOldGen       total 88576K, used 33792K [0x0000000080000000, 0x0000000085680000, 0x00000000d5580000)
  object space 88576K, 38% used [0x0000000080000000,0x00000000821000d8,0x0000000085680000)
 Metaspace       used 56135K, capacity 59004K, committed 59096K, reserved 1099776K
  class space    used 7760K, capacity 8284K, committed 8320K, reserved 1048576K
}
Event: 7.894 GC heap before
{Heap before GC invocations=15 (full 3):
 PSYoungGen      total 177152K, used 15357K [0x00000000d5580000, 0x00000000e2500000, 0x0000000100000000)
  eden space 161792K, 0% used [0x00000000d5580000,0x00000000d5580000,0x00000000df380000)
  from space 15360K, 99% used [0x00000000e0880000,0x00000000e177f768,0x00000000e1780000)
  to   space 21504K, 0% used [0x00000000df380000,0x00000000df380000,0x00000000e0880000)
 ParOldGen       total 88576K, used 33792K [0x0000000080000000, 0x0000000085680000, 0x00000000d5580000)
  object space 88576K, 38% used [0x0000000080000000,0x00000000821000d8,0x0000000085680000)
 Metaspace       used 56135K, capacity 59004K, committed 59096K, reserved 1099776K
  class space    used 7760K, capacity 8284K, committed 8320K, reserved 1048576K
Event: 8.015 GC heap after
Heap after GC invocations=15 (full 3):
 PSYoungGen      total 177152K, used 0K [0x00000000d5580000, 0x00000000e2500000, 0x0000000100000000)
  eden space 161792K, 0% used [0x00000000d5580000,0x00000000d5580000,0x00000000df380000)
  from space 15360K, 0% used [0x00000000e0880000,0x00000000e0880000,0x00000000e1780000)
  to   space 21504K, 0% used [0x00000000df380000,0x00000000df380000,0x00000000e0880000)
 ParOldGen       total 137728K, used 39876K [0x0000000080000000, 0x0000000088680000, 0x00000000d5580000)
  object space 137728K, 28% used [0x0000000080000000,0x00000000826f13b0,0x0000000088680000)
 Metaspace       used 56020K, capacity 58620K, committed 59096K, reserved 1099776K
  class space    used 7724K, capacity 8220K, committed 8320K, reserved 1048576K
}

