# JRE version: OpenJDK Runtime Environment (11.0.12+7) (build 11.0.12+7-b1504.28-7817840)
# Java VM: OpenJDK 64-Bit Server VM (11.0.12+7-b1504.28-7817840, mixed mode, tiered, compressed oops, g1 gc, windows-amd64)
Heap:
 garbage-first heap   total 177152K, used 83714K [0x0000000080000000, 0x0000000100000000)
  region size 1024K, 19 young (19456K), 10 survivors (10240K)
 Metaspace       used 86141K, capacity 88828K, committed 89164K, reserved 1126400K
  class space    used 11290K, capacity 12267K, committed 12364K, reserved 1048576K
GC Heap History (20 events):
Event: 5.129 GC heap before
{Heap before GC invocations=9 (full 0):
 garbage-first heap   total 122880K, used 75763K [0x0000000080000000, 0x0000000100000000)
  region size 1024K, 55 young (56320K), 7 survivors (7168K)
 Metaspace       used 44016K, capacity 45114K, committed 45260K, reserved 1089536K
  class space    used 5617K, capacity 5996K, committed 6092K, reserved 1048576K
}
Event: 5.153 GC heap after
{Heap after GC invocations=10 (full 0):
 garbage-first heap   total 147456K, used 29173K [0x0000000080000000, 0x0000000100000000)
  region size 1024K, 3 young (3072K), 3 survivors (3072K)
 Metaspace       used 44016K, capacity 45114K, committed 45260K, reserved 1089536K
  class space    used 5617K, capacity 5996K, committed 6092K, reserved 1048576K
}
Event: 6.502 GC heap before
{Heap before GC invocations=10 (full 0):
 garbage-first heap   total 147456K, used 89589K [0x0000000080000000, 0x0000000100000000)
  region size 1024K, 62 young (63488K), 3 survivors (3072K)
 Metaspace       used 47951K, capacity 49151K, committed 49356K, reserved 1091584K
  class space    used 6148K, capacity 6574K, committed 6604K, reserved 1048576K
}
Event: 6.509 GC heap after
{Heap after GC invocations=11 (full 0):
 garbage-first heap   total 147456K, used 31289K [0x0000000080000000, 0x0000000100000000)
  region size 1024K, 5 young (5120K), 5 survivors (5120K)
 Metaspace       used 47951K, capacity 49151K, committed 49356K, reserved 1091584K
  class space    used 6148K, capacity 6574K, committed 6604K, reserved 1048576K
}
Event: 8.187 GC heap before
{Heap before GC invocations=11 (full 0):
 garbage-first heap   total 147456K, used 96825K [0x0000000080000000, 0x0000000100000000)
  region size 1024K, 66 young (67584K), 5 survivors (5120K)
 Metaspace       used 51246K, capacity 52765K, committed 52940K, reserved 1095680K
  class space    used 6541K, capacity 7057K, committed 7116K, reserved 1048576K
}
Event: 8.197 GC heap after
{Heap after GC invocations=12 (full 0):
 garbage-first heap   total 147456K, used 45872K [0x0000000080000000, 0x0000000100000000)
  region size 1024K, 9 young (9216K), 9 survivors (9216K)
 Metaspace       used 51246K, capacity 52765K, committed 52940K, reserved 1095680K
  class space    used 6541K, capacity 7057K, committed 7116K, reserved 1048576K
}
Event: 9.170 GC heap before
{Heap before GC invocations=12 (full 0):
 garbage-first heap   total 147456K, used 94000K [0x0000000080000000, 0x0000000100000000)
  region size 1024K, 57 young (58368K), 9 survivors (9216K)
 Metaspace       used 58541K, capacity 60074K, committed 60236K, reserved 1101824K
  class space    used 7390K, capacity 7910K, committed 8012K, reserved 1048576K
}
Event: 9.190 GC heap after
{Heap after GC invocations=13 (full 0):
 garbage-first heap   total 147456K, used 48086K [0x0000000080000000, 0x0000000100000000)
  region size 1024K, 3 young (3072K), 3 survivors (3072K)
 Metaspace       used 58541K, capacity 60074K, committed 60236K, reserved 1101824K
  class space    used 7390K, capacity 7910K, committed 8012K, reserved 1048576K
}
Event: 10.183 GC heap before
{Heap before GC invocations=14 (full 0):
 garbage-first heap   total 147456K, used 101334K [0x0000000080000000, 0x0000000100000000)
  region size 1024K, 56 young (57344K), 3 survivors (3072K)
 Metaspace       used 64528K, capacity 66189K, committed 66380K, reserved 1107968K
  class space    used 8152K, capacity 8726K, committed 8780K, reserved 1048576K
}
Event: 10.189 GC heap after
{Heap after GC invocations=15 (full 0):
 garbage-first heap   total 147456K, used 52285K [0x0000000080000000, 0x0000000100000000)
  region size 1024K, 7 young (7168K), 7 survivors (7168K)
 Metaspace       used 64528K, capacity 66189K, committed 66380K, reserved 1107968K
  class space    used 8152K, capacity 8726K, committed 8780K, reserved 1048576K
}
Event: 10.890 GC heap before
{Heap before GC invocations=15 (full 0):
 garbage-first heap   total 147456K, used 106557K [0x0000000080000000, 0x0000000100000000)
  region size 1024K, 60 young (61440K), 7 survivors (7168K)
 Metaspace       used 66833K, capacity 68575K, committed 68812K, reserved 1110016K
  class space    used 8486K, capacity 9083K, committed 9164K, reserved 1048576K
}
Event: 10.907 GC heap after
{Heap after GC invocations=16 (full 0):
 garbage-first heap   total 147456K, used 56462K [0x0000000080000000, 0x0000000100000000)
  region size 1024K, 5 young (5120K), 5 survivors (5120K)
 Metaspace       used 66833K, capacity 68575K, committed 68812K, reserved 1110016K
  class space    used 8486K, capacity 9083K, committed 9164K, reserved 1048576K
}
Event: 12.183 GC heap before
{Heap before GC invocations=16 (full 0):
 garbage-first heap   total 147456K, used 109710K [0x0000000080000000, 0x0000000100000000)
  region size 1024K, 57 young (58368K), 5 survivors (5120K)
 Metaspace       used 71751K, capacity 73477K, committed 73676K, reserved 1114112K
  class space    used 9300K, capacity 9905K, committed 9932K, reserved 1048576K
}
Event: 12.195 GC heap after
{Heap after GC invocations=17 (full 0):
 garbage-first heap   total 177152K, used 59673K [0x0000000080000000, 0x0000000100000000)
  region size 1024K, 8 young (8192K), 8 survivors (8192K)
 Metaspace       used 71751K, capacity 73477K, committed 73676K, reserved 1114112K
  class space    used 9300K, capacity 9905K, committed 9932K, reserved 1048576K
}
Event: 13.182 GC heap before
{Heap before GC invocations=17 (full 0):
 garbage-first heap   total 177152K, used 127257K [0x0000000080000000, 0x0000000100000000)
  region size 1024K, 74 young (75776K), 8 survivors (8192K)
 Metaspace       used 74889K, capacity 76802K, committed 77004K, reserved 1116160K
  class space    used 9733K, capacity 10399K, committed 10444K, reserved 1048576K
}
Event: 13.196 GC heap after
{Heap after GC invocations=18 (full 0):
 garbage-first heap   total 177152K, used 64267K [0x0000000080000000, 0x0000000100000000)
  region size 1024K, 9 young (9216K), 9 survivors (9216K)
 Metaspace       used 74889K, capacity 76802K, committed 77004K, reserved 1116160K
  class space    used 9733K, capacity 10399K, committed 10444K, reserved 1048576K
}
Event: 14.508 GC heap before
{Heap before GC invocations=18 (full 0):
 garbage-first heap   total 177152K, used 131851K [0x0000000080000000, 0x0000000100000000)
  region size 1024K, 75 young (76800K), 9 survivors (9216K)
 Metaspace       used 81359K, capacity 83229K, committed 83532K, reserved 1122304K
  class space    used 10607K, capacity 11258K, committed 11340K, reserved 1048576K
}
Event: 14.519 GC heap after
{Heap after GC invocations=19 (full 0):
 garbage-first heap   total 177152K, used 69292K [0x0000000080000000, 0x0000000100000000)
  region size 1024K, 10 young (10240K), 10 survivors (10240K)
 Metaspace       used 81359K, capacity 83229K, committed 83532K, reserved 1122304K
  class space    used 10607K, capacity 11258K, committed 11340K, reserved 1048576K
}
Event: 15.404 GC heap before
{Heap before GC invocations=19 (full 0):
 garbage-first heap   total 177152K, used 133804K [0x0000000080000000, 0x0000000100000000)
  region size 1024K, 74 young (75776K), 10 survivors (10240K)
 Metaspace       used 86075K, capacity 88762K, committed 88908K, reserved 1126400K
  class space    used 11290K, capacity 12267K, committed 12364K, reserved 1048576K
}
Event: 15.418 GC heap after
{Heap after GC invocations=20 (full 0):
 garbage-first heap   total 177152K, used 75522K [0x0000000080000000, 0x0000000100000000)
  region size 1024K, 10 young (10240K), 10 survivors (10240K)
 Metaspace       used 86075K, capacity 88762K, committed 88908K, reserved 1126400K
  class space    used 11290K, capacity 12267K, committed 12364K, reserved 1048576K
}

