# JRE version: OpenJDK Runtime Environment (11.0.12+7) (build 11.0.12+7-b1504.28-7817840)
# Java VM: OpenJDK 64-Bit Server VM (11.0.12+7-b1504.28-7817840, mixed mode, tiered, compressed oops, g1 gc, windows-amd64)
Heap:
 garbage-first heap   total 147456K, used 103284K [0x0000000080000000, 0x0000000100000000)
  region size 1024K, 14 young (14336K), 4 survivors (4096K)
 Metaspace       used 86988K, capacity 89240K, committed 90416K, reserved 1128448K
  class space    used 11181K, capacity 11963K, committed 12416K, reserved 1048576K
GC Heap History (20 events):
Event: 13.211 GC heap before
{Heap before GC invocations=24 (full 0):
 garbage-first heap   total 122880K, used 101265K [0x0000000080000000, 0x0000000100000000)
  region size 1024K, 39 young (39936K), 5 survivors (5120K)
 Metaspace       used 83241K, capacity 85281K, committed 85424K, reserved 1124352K
  class space    used 10783K, capacity 11505K, committed 11520K, reserved 1048576K
}
Event: 13.217 GC heap after
{Heap after GC invocations=25 (full 0):
 garbage-first heap   total 122880K, used 71959K [0x0000000080000000, 0x0000000100000000)
  region size 1024K, 5 young (5120K), 5 survivors (5120K)
 Metaspace       used 83241K, capacity 85281K, committed 85424K, reserved 1124352K
  class space    used 10783K, capacity 11505K, committed 11520K, reserved 1048576K
}
Event: 13.641 GC heap before
{Heap before GC invocations=25 (full 0):
 garbage-first heap   total 122880K, used 101655K [0x0000000080000000, 0x0000000100000000)
  region size 1024K, 34 young (34816K), 5 survivors (5120K)
 Metaspace       used 84801K, capacity 86895K, committed 87216K, reserved 1124352K
  class space    used 10951K, capacity 11679K, committed 11776K, reserved 1048576K
}
Event: 13.647 GC heap after
{Heap after GC invocations=26 (full 0):
 garbage-first heap   total 122880K, used 74935K [0x0000000080000000, 0x0000000100000000)
  region size 1024K, 3 young (3072K), 3 survivors (3072K)
 Metaspace       used 84801K, capacity 86895K, committed 87216K, reserved 1124352K
  class space    used 10951K, capacity 11679K, committed 11776K, reserved 1048576K
}
Event: 13.785 GC heap before
{Heap before GC invocations=27 (full 0):
 garbage-first heap   total 122880K, used 100535K [0x0000000080000000, 0x0000000100000000)
  region size 1024K, 29 young (29696K), 3 survivors (3072K)
 Metaspace       used 86120K, capacity 88809K, committed 89008K, reserved 1126400K
  class space    used 11294K, capacity 12266K, committed 12288K, reserved 1048576K
}
Event: 13.789 GC heap after
{Heap after GC invocations=28 (full 0):
 garbage-first heap   total 122880K, used 78231K [0x0000000080000000, 0x0000000100000000)
  region size 1024K, 4 young (4096K), 4 survivors (4096K)
 Metaspace       used 86120K, capacity 88809K, committed 89008K, reserved 1126400K
  class space    used 11294K, capacity 12266K, committed 12288K, reserved 1048576K
}
Event: 13.868 GC heap before
{Heap before GC invocations=28 (full 0):
 garbage-first heap   total 122880K, used 99735K [0x0000000080000000, 0x0000000100000000)
  region size 1024K, 26 young (26624K), 4 survivors (4096K)
 Metaspace       used 86210K, capacity 88885K, committed 89008K, reserved 1126400K
  class space    used 11296K, capacity 12268K, committed 12288K, reserved 1048576K
}
Event: 13.872 GC heap after
{Heap after GC invocations=29 (full 0):
 garbage-first heap   total 147456K, used 80474K [0x0000000080000000, 0x0000000100000000)
  region size 1024K, 4 young (4096K), 4 survivors (4096K)
 Metaspace       used 86210K, capacity 88885K, committed 89008K, reserved 1126400K
  class space    used 11296K, capacity 12268K, committed 12288K, reserved 1048576K
}
Event: 14.136 GC heap before
{Heap before GC invocations=30 (full 0):
 garbage-first heap   total 147456K, used 114266K [0x0000000080000000, 0x0000000100000000)
  region size 1024K, 38 young (38912K), 4 survivors (4096K)
 Metaspace       used 86368K, capacity 89024K, committed 89264K, reserved 1126400K
  class space    used 11281K, capacity 12242K, committed 12288K, reserved 1048576K
}
Event: 14.139 GC heap after
{Heap after GC invocations=31 (full 0):
 garbage-first heap   total 147456K, used 82385K [0x0000000080000000, 0x0000000100000000)
  region size 1024K, 4 young (4096K), 4 survivors (4096K)
 Metaspace       used 86368K, capacity 89024K, committed 89264K, reserved 1126400K
  class space    used 11281K, capacity 12242K, committed 12288K, reserved 1048576K
}
Event: 15.263 GC heap before
{Heap before GC invocations=31 (full 0):
 garbage-first heap   total 147456K, used 117201K [0x0000000080000000, 0x0000000100000000)
  region size 1024K, 39 young (39936K), 4 survivors (4096K)
 Metaspace       used 86704K, capacity 89379K, committed 89648K, reserved 1126400K
  class space    used 11303K, capacity 12287K, committed 12416K, reserved 1048576K
}
Event: 15.268 GC heap after
{Heap after GC invocations=32 (full 0):
 garbage-first heap   total 147456K, used 85168K [0x0000000080000000, 0x0000000100000000)
  region size 1024K, 5 young (5120K), 5 survivors (5120K)
 Metaspace       used 86704K, capacity 89379K, committed 89648K, reserved 1126400K
  class space    used 11303K, capacity 12287K, committed 12416K, reserved 1048576K
}
Event: 15.716 GC heap before
{Heap before GC invocations=33 (full 0):
 garbage-first heap   total 147456K, used 117936K [0x0000000080000000, 0x0000000100000000)
  region size 1024K, 38 young (38912K), 5 survivors (5120K)
 Metaspace       used 86283K, capacity 88445K, committed 89904K, reserved 1126400K
  class space    used 11081K, capacity 11841K, committed 12416K, reserved 1048576K
}
Event: 15.721 GC heap after
{Heap after GC invocations=34 (full 0):
 garbage-first heap   total 147456K, used 87369K [0x0000000080000000, 0x0000000100000000)
  region size 1024K, 4 young (4096K), 4 survivors (4096K)
 Metaspace       used 86283K, capacity 88445K, committed 89904K, reserved 1126400K
  class space    used 11081K, capacity 11841K, committed 12416K, reserved 1048576K
}
Event: 15.936 GC heap before
{Heap before GC invocations=34 (full 0):
 garbage-first heap   total 147456K, used 119113K [0x0000000080000000, 0x0000000100000000)
  region size 1024K, 36 young (36864K), 4 survivors (4096K)
 Metaspace       used 86547K, capacity 88841K, committed 90160K, reserved 1126400K
  class space    used 11108K, capacity 11895K, committed 12416K, reserved 1048576K
}
Event: 15.942 GC heap after
{Heap after GC invocations=35 (full 0):
 garbage-first heap   total 147456K, used 90861K [0x0000000080000000, 0x0000000100000000)
  region size 1024K, 5 young (5120K), 5 survivors (5120K)
 Metaspace       used 86547K, capacity 88841K, committed 90160K, reserved 1126400K
  class space    used 11108K, capacity 11895K, committed 12416K, reserved 1048576K
}
Event: 16.055 GC heap before
{Heap before GC invocations=36 (full 0):
 garbage-first heap   total 147456K, used 119533K [0x0000000080000000, 0x0000000100000000)
  region size 1024K, 34 young (34816K), 5 survivors (5120K)
 Metaspace       used 86570K, capacity 88843K, committed 90160K, reserved 1126400K
  class space    used 11108K, capacity 11895K, committed 12416K, reserved 1048576K
}
Event: 16.059 GC heap after
{Heap after GC invocations=37 (full 0):
 garbage-first heap   total 147456K, used 93417K [0x0000000080000000, 0x0000000100000000)
  region size 1024K, 4 young (4096K), 4 survivors (4096K)
 Metaspace       used 86570K, capacity 88843K, committed 90160K, reserved 1126400K
  class space    used 11108K, capacity 11895K, committed 12416K, reserved 1048576K
}
Event: 16.187 GC heap before
{Heap before GC invocations=37 (full 0):
 garbage-first heap   total 147456K, used 121065K [0x0000000080000000, 0x0000000100000000)
  region size 1024K, 32 young (32768K), 4 survivors (4096K)
 Metaspace       used 86706K, capacity 88927K, committed 90416K, reserved 1128448K
  class space    used 11127K, capacity 11900K, committed 12416K, reserved 1048576K
}
Event: 16.192 GC heap after
{Heap after GC invocations=38 (full 0):
 garbage-first heap   total 147456K, used 95092K [0x0000000080000000, 0x0000000100000000)
  region size 1024K, 4 young (4096K), 4 survivors (4096K)
 Metaspace       used 86706K, capacity 88927K, committed 90416K, reserved 1128448K
  class space    used 11127K, capacity 11900K, committed 12416K, reserved 1048576K
}

