# JRE version: OpenJDK Runtime Environment (11.0.12+7) (build 11.0.12+7-b1504.28-7817840)
# Java VM: OpenJDK 64-Bit Server VM (11.0.12+7-b1504.28-7817840, mixed mode, tiered, compressed oops, g1 gc, windows-amd64)
Heap:
 garbage-first heap   total 212992K, used 165908K [0x0000000080000000, 0x0000000100000000)
  region size 1024K, 45 young (46080K), 2 survivors (2048K)
 Metaspace       used 113792K, capacity 117123K, committed 117452K, reserved 1150976K
  class space    used 14528K, capacity 15743K, committed 15820K, reserved 1048576K
GC Heap History (20 events):
Event: 357.580 GC heap before
{Heap before GC invocations=36 (full 0):
 garbage-first heap   total 212992K, used 166795K [0x0000000080000000, 0x0000000100000000)
  region size 1024K, 62 young (63488K), 2 survivors (2048K)
 Metaspace       used 91660K, capacity 93972K, committed 94796K, reserved 1132544K
  class space    used 11487K, capacity 12299K, committed 12620K, reserved 1048576K
}
Event: 357.605 GC heap after
{Heap after GC invocations=37 (full 0):
 garbage-first heap   total 212992K, used 111949K [0x0000000080000000, 0x0000000100000000)
  region size 1024K, 7 young (7168K), 7 survivors (7168K)
 Metaspace       used 91660K, capacity 93972K, committed 94796K, reserved 1132544K
  class space    used 11487K, capacity 12299K, committed 12620K, reserved 1048576K
}
Event: 358.253 GC heap before
{Heap before GC invocations=38 (full 0):
 garbage-first heap   total 212992K, used 169293K [0x0000000080000000, 0x0000000100000000)
  region size 1024K, 64 young (65536K), 7 survivors (7168K)
 Metaspace       used 93660K, capacity 95978K, committed 96588K, reserved 1132544K
  class space    used 11761K, capacity 12648K, committed 12876K, reserved 1048576K
}
Event: 358.279 GC heap after
{Heap after GC invocations=39 (full 0):
 garbage-first heap   total 212992K, used 120342K [0x0000000080000000, 0x0000000100000000)
  region size 1024K, 8 young (8192K), 8 survivors (8192K)
 Metaspace       used 93660K, capacity 95978K, committed 96588K, reserved 1132544K
  class space    used 11761K, capacity 12648K, committed 12876K, reserved 1048576K
}
Event: 358.363 GC heap before
{Heap before GC invocations=39 (full 0):
 garbage-first heap   total 212992K, used 121366K [0x0000000080000000, 0x0000000100000000)
  region size 1024K, 10 young (10240K), 8 survivors (8192K)
 Metaspace       used 93878K, capacity 96171K, committed 96844K, reserved 1132544K
  class space    used 11788K, capacity 12648K, committed 12876K, reserved 1048576K
}
Event: 358.401 GC heap after
{Heap after GC invocations=40 (full 0):
 garbage-first heap   total 212992K, used 112738K [0x0000000080000000, 0x0000000100000000)
  region size 1024K, 2 young (2048K), 2 survivors (2048K)
 Metaspace       used 93878K, capacity 96171K, committed 96844K, reserved 1132544K
  class space    used 11788K, capacity 12648K, committed 12876K, reserved 1048576K
}
Event: 358.643 GC heap before
{Heap before GC invocations=40 (full 0):
 garbage-first heap   total 212992K, used 119906K [0x0000000080000000, 0x0000000100000000)
  region size 1024K, 10 young (10240K), 2 survivors (2048K)
 Metaspace       used 95083K, capacity 97440K, committed 98124K, reserved 1134592K
  class space    used 11974K, capacity 12855K, committed 13132K, reserved 1048576K
}
Event: 358.649 GC heap after
{Heap after GC invocations=41 (full 0):
 garbage-first heap   total 212992K, used 112044K [0x0000000080000000, 0x0000000100000000)
  region size 1024K, 1 young (1024K), 1 survivors (1024K)
 Metaspace       used 95083K, capacity 97440K, committed 98124K, reserved 1134592K
  class space    used 11974K, capacity 12855K, committed 13132K, reserved 1048576K
}
Event: 358.829 GC heap before
{Heap before GC invocations=41 (full 0):
 garbage-first heap   total 212992K, used 125356K [0x0000000080000000, 0x0000000100000000)
  region size 1024K, 15 young (15360K), 1 survivors (1024K)
 Metaspace       used 98521K, capacity 100994K, committed 101580K, reserved 1136640K
  class space    used 12367K, capacity 13255K, committed 13516K, reserved 1048576K
}
Event: 358.833 GC heap after
{Heap after GC invocations=42 (full 0):
 garbage-first heap   total 212992K, used 112608K [0x0000000080000000, 0x0000000100000000)
  region size 1024K, 2 young (2048K), 2 survivors (2048K)
 Metaspace       used 98521K, capacity 100994K, committed 101580K, reserved 1136640K
  class space    used 12367K, capacity 13255K, committed 13516K, reserved 1048576K
}
Event: 360.208 GC heap before
{Heap before GC invocations=43 (full 0):
 garbage-first heap   total 212992K, used 164832K [0x0000000080000000, 0x0000000100000000)
  region size 1024K, 51 young (52224K), 2 survivors (2048K)
 Metaspace       used 100341K, capacity 102855K, committed 103244K, reserved 1138688K
  class space    used 12542K, capacity 13447K, committed 13644K, reserved 1048576K
}
Event: 360.220 GC heap after
{Heap after GC invocations=44 (full 0):
 garbage-first heap   total 212992K, used 126771K [0x0000000080000000, 0x0000000100000000)
  region size 1024K, 7 young (7168K), 7 survivors (7168K)
 Metaspace       used 100341K, capacity 102855K, committed 103244K, reserved 1138688K
  class space    used 12542K, capacity 13447K, committed 13644K, reserved 1048576K
}
Event: 360.260 GC heap before
{Heap before GC invocations=44 (full 0):
 garbage-first heap   total 212992K, used 129843K [0x0000000080000000, 0x0000000100000000)
  region size 1024K, 10 young (10240K), 7 survivors (7168K)
 Metaspace       used 100496K, capacity 103071K, committed 103244K, reserved 1138688K
  class space    used 12567K, capacity 13497K, committed 13644K, reserved 1048576K
}
Event: 360.274 GC heap after
{Heap after GC invocations=45 (full 0):
 garbage-first heap   total 212992K, used 126485K [0x0000000080000000, 0x0000000100000000)
  region size 1024K, 2 young (2048K), 2 survivors (2048K)
 Metaspace       used 100496K, capacity 103071K, committed 103244K, reserved 1138688K
  class space    used 12567K, capacity 13497K, committed 13644K, reserved 1048576K
}
Event: 360.743 GC heap before
{Heap before GC invocations=45 (full 0):
 garbage-first heap   total 212992K, used 166421K [0x0000000080000000, 0x0000000100000000)
  region size 1024K, 41 young (41984K), 2 survivors (2048K)
 Metaspace       used 101895K, capacity 104635K, committed 104908K, reserved 1140736K
  class space    used 12743K, capacity 13697K, committed 13772K, reserved 1048576K
}
Event: 360.748 GC heap after
{Heap after GC invocations=46 (full 0):
 garbage-first heap   total 212992K, used 130317K [0x0000000080000000, 0x0000000100000000)
  region size 1024K, 5 young (5120K), 5 survivors (5120K)
 Metaspace       used 101895K, capacity 104635K, committed 104908K, reserved 1140736K
  class space    used 12743K, capacity 13697K, committed 13772K, reserved 1048576K
}
Event: 361.107 GC heap before
{Heap before GC invocations=47 (full 0):
 garbage-first heap   total 212992K, used 169229K [0x0000000080000000, 0x0000000100000000)
  region size 1024K, 44 young (45056K), 5 survivors (5120K)
 Metaspace       used 105835K, capacity 108733K, committed 108876K, reserved 1144832K
  class space    used 13288K, capacity 14311K, committed 14412K, reserved 1048576K
}
Event: 361.114 GC heap after
{Heap after GC invocations=48 (full 0):
 garbage-first heap   total 212992K, used 131578K [0x0000000080000000, 0x0000000100000000)
  region size 1024K, 2 young (2048K), 2 survivors (2048K)
 Metaspace       used 105835K, capacity 108733K, committed 108876K, reserved 1144832K
  class space    used 13288K, capacity 14311K, committed 14412K, reserved 1048576K
}
Event: 361.232 GC heap before
{Heap before GC invocations=48 (full 0):
 garbage-first heap   total 212992K, used 138746K [0x0000000080000000, 0x0000000100000000)
  region size 1024K, 10 young (10240K), 2 survivors (2048K)
 Metaspace       used 108200K, capacity 111112K, committed 111308K, reserved 1146880K
  class space    used 13651K, capacity 14693K, committed 14796K, reserved 1048576K
}
Event: 361.246 GC heap after
{Heap after GC invocations=49 (full 0):
 garbage-first heap   total 212992K, used 123924K [0x0000000080000000, 0x0000000100000000)
  region size 1024K, 2 young (2048K), 2 survivors (2048K)
 Metaspace       used 108200K, capacity 111112K, committed 111308K, reserved 1146880K
  class space    used 13651K, capacity 14693K, committed 14796K, reserved 1048576K
}

